<?xml version="1.0" encoding="UTF-8"?>
<!-- Generated by org.testng.reporters.JUnitReportReporter -->
<testsuite hostname="CHDSEZ353009D" name="com.psl.testng.testNGCase" tests="4" failures="0" timestamp="4 Jun 2015 07:10:14 GMT" time="0.000" errors="0">
  <testcase name="testList1NotEmpty" time="0.000" classname="com.psl.testng.testNGCase"/>
  <testcase name="testListNotEmpty" time="0.000" classname="com.psl.testng.testNGCase"/>
  <testcase name="testListEmpty" time="0.000" classname="com.psl.testng.testNGCase"/>
  <testcase name="testList1Empty" time="0.000" classname="com.psl.testng.testNGCase"/>
</testsuite>
