<?xml version="1.0" encoding="UTF-8"?>
<!-- Generated by org.testng.reporters.JUnitReportReporter -->
<testsuite hostname="CHDSEZ353009D" name="com.psl.testng.AddInvDtlsCase" tests="4" failures="0" timestamp="4 Jun 2015 07:10:14 GMT" time="0.010" errors="0">
  <testcase name="testForValidFields" time="0.010" classname="com.psl.testng.AddInvDtlsCase"/>
  <testcase name="testPriceRange" time="0.000" classname="com.psl.testng.AddInvDtlsCase"/>
  <testcase name="testBlankFields" time="0.000" classname="com.psl.testng.AddInvDtlsCase"/>
  <testcase name="testSplChar" time="0.000" classname="com.psl.testng.AddInvDtlsCase"/>
</testsuite>
