<?xml version="1.0" encoding="UTF-8"?>
<!-- Generated by org.testng.reporters.JUnitReportReporter -->
<testsuite hostname="CHDSEZ353009D" name="com.psl.testng.LoginCase" tests="5" failures="0" timestamp="4 Jun 2015 07:10:14 GMT" time="0.000" errors="0">
  <testcase name="testSplCharUser" time="0.000" classname="com.psl.testng.LoginCase"/>
  <testcase name="testValidUser" time="0.000" classname="com.psl.testng.LoginCase"/>
  <testcase name="testBlankPwd" time="0.000" classname="com.psl.testng.LoginCase"/>
  <testcase name="testSplCharPwd" time="0.000" classname="com.psl.testng.LoginCase"/>
  <testcase name="testBlankUser" time="0.000" classname="com.psl.testng.LoginCase"/>
</testsuite>
